{
  "stats": {
    "suites": 5,
    "tests": 16,
    "passes": 16,
    "pending": 0,
    "failures": 0,
    "start": "2022-08-06T14:42:36.744Z",
    "end": "2022-08-06T14:42:52.063Z",
    "duration": 15319,
    "testsRegistered": 16,
    "passPercent": 100,
    "pendingPercent": 0,
    "other": 0,
    "hasOther": false,
    "skipped": 0,
    "hasSkipped": false
  },
  "results": [
    {
      "uuid": "5828baef-ba4a-4ceb-9bff-7ee99ae07b2b",
      "title": "",
      "fullFile": "cypress/e2e/LandingPage.ts",
      "file": "cypress/e2e/LandingPage.ts",
      "beforeHooks": [],
      "afterHooks": [],
      "tests": [],
      "suites": [
        {
          "uuid": "5af00feb-21c1-482a-9b83-d6117ba0e9d7",
          "title": "🚀 Visit Page and Login",
          "fullFile": "",
          "file": "",
          "beforeHooks": [],
          "afterHooks": [],
          "tests": [
            {
              "title": "Visit Page",
              "fullTitle": "🚀 Visit Page and Login Visit Page",
              "timedOut": null,
              "duration": 653,
              "state": "passed",
              "speed": "fast",
              "pass": true,
              "fail": false,
              "pending": false,
              "context": null,
              "code": "cy.visit(\"https://www.saucedemo.com/\");",
              "err": {},
              "uuid": "313ea5dd-4b01-48d0-87e5-68e75aaf7657",
              "parentUUID": "5af00feb-21c1-482a-9b83-d6117ba0e9d7",
              "isHook": false,
              "skipped": false
            },
            {
              "title": "Login [L_001 - Automated]",
              "fullTitle": "🚀 Visit Page and Login Login [L_001 - Automated]",
              "timedOut": null,
              "duration": 791,
              "state": "passed",
              "speed": "fast",
              "pass": true,
              "fail": false,
              "pending": false,
              "context": null,
              "code": "cy\n    .get(\"input[id='user-name']\")\n    .type(username)\n    .get(\"input[id='password']\")\n    .type(password)\n    .get(\"input[id='login-button']\")\n    .click();\n//.wait(3000)",
              "err": {},
              "uuid": "4ce0cf50-660c-4750-a54b-7fa206cd40b2",
              "parentUUID": "5af00feb-21c1-482a-9b83-d6117ba0e9d7",
              "isHook": false,
              "skipped": false
            }
          ],
          "suites": [],
          "passes": [
            "313ea5dd-4b01-48d0-87e5-68e75aaf7657",
            "4ce0cf50-660c-4750-a54b-7fa206cd40b2"
          ],
          "failures": [],
          "pending": [],
          "skipped": [],
          "duration": 1444,
          "root": false,
          "rootEmpty": false,
          "_timeout": 2000
        },
        {
          "uuid": "c9441454-02aa-4a13-aa46-5c07aac8d733",
          "title": "Products ",
          "fullFile": "",
          "file": "",
          "beforeHooks": [],
          "afterHooks": [],
          "tests": [
            {
              "title": "Landing Page",
              "fullTitle": "Products  Landing Page",
              "timedOut": null,
              "duration": 152,
              "state": "passed",
              "speed": "fast",
              "pass": true,
              "fail": false,
              "pending": false,
              "context": null,
              "code": "cy\n    .get(\"div[id='inventory_container']\")\n    .contains(\"Sauce Labs Backpack\")\n    .get(\"button[id='add-to-cart-sauce-labs-backpack']\")\n    .click();\n// .wait(3000)",
              "err": {},
              "uuid": "a3764da4-1e50-48ed-b677-0663709434e2",
              "parentUUID": "c9441454-02aa-4a13-aa46-5c07aac8d733",
              "isHook": false,
              "skipped": false
            },
            {
              "title": "Go To Item",
              "fullTitle": "Products  Go To Item",
              "timedOut": null,
              "duration": 112,
              "state": "passed",
              "speed": "fast",
              "pass": true,
              "fail": false,
              "pending": false,
              "context": null,
              "code": "cy.scrollTo('top')\n    .get(\"div[id='inventory_container']\")\n    .contains(\"Sauce Labs Bike Light\")\n    .get(\"button[id='add-to-cart-sauce-labs-bike-light']\")\n    .click();\n//   .wait(3000)",
              "err": {},
              "uuid": "6515a8a1-83e9-4605-b933-f2bbf6a7dd86",
              "parentUUID": "c9441454-02aa-4a13-aa46-5c07aac8d733",
              "isHook": false,
              "skipped": false
            },
            {
              "title": "continue shopping",
              "fullTitle": "Products  continue shopping",
              "timedOut": null,
              "duration": 113,
              "state": "passed",
              "speed": "fast",
              "pass": true,
              "fail": false,
              "pending": false,
              "context": null,
              "code": "cy.scrollTo('top')\n    .get(\"div[id='inventory_container']\")\n    .contains(\"Sauce Labs Bolt T-Shirt\")\n    .get(\"button[id='add-to-cart-sauce-labs-bolt-t-shirt']\")\n    .click();\n// .wait(3000)",
              "err": {},
              "uuid": "2a2dc947-9050-44e2-b1e7-d411e09831af",
              "parentUUID": "c9441454-02aa-4a13-aa46-5c07aac8d733",
              "isHook": false,
              "skipped": false
            },
            {
              "title": "Other item to buy",
              "fullTitle": "Products  Other item to buy",
              "timedOut": null,
              "duration": 103,
              "state": "passed",
              "speed": "fast",
              "pass": true,
              "fail": false,
              "pending": false,
              "context": null,
              "code": "cy\n    .get(\"div[id='inventory_container']\")\n    .contains(\"Sauce Labs Fleece Jacket\")\n    .get(\"button[id='add-to-cart-sauce-labs-fleece-jacket']\")\n    .click();\n// .wait(3000)",
              "err": {},
              "uuid": "66a8f85d-a762-4fe0-8bab-f8374cd1e2a8",
              "parentUUID": "c9441454-02aa-4a13-aa46-5c07aac8d733",
              "isHook": false,
              "skipped": false
            },
            {
              "title": "Junior stuff",
              "fullTitle": "Products  Junior stuff",
              "timedOut": null,
              "duration": 3096,
              "state": "passed",
              "speed": "fast",
              "pass": true,
              "fail": false,
              "pending": false,
              "context": null,
              "code": "cy\n    .get(\"div[id='inventory_container']\")\n    .contains(\"Sauce Labs Onesie\")\n    .get(\"button[id='add-to-cart-sauce-labs-onesie']\")\n    .click()\n    .wait(3000);",
              "err": {},
              "uuid": "97bbe424-9251-423c-98ab-fa3a1e16ae56",
              "parentUUID": "c9441454-02aa-4a13-aa46-5c07aac8d733",
              "isHook": false,
              "skipped": false
            },
            {
              "title": "Final item to buy",
              "fullTitle": "Products  Final item to buy",
              "timedOut": null,
              "duration": 94,
              "state": "passed",
              "speed": "fast",
              "pass": true,
              "fail": false,
              "pending": false,
              "context": null,
              "code": "cy\n    .get(\"div[id='inventory_container'\")\n    .contains(\"T-Shirt\")\n    .get(\"button[id='add-to-cart-test.allthethings()-t-shirt-(red)']\")\n    .click();\n//  .wait(3000)",
              "err": {},
              "uuid": "6598600f-a0ae-4588-9b2b-e880fc6fe7c9",
              "parentUUID": "c9441454-02aa-4a13-aa46-5c07aac8d733",
              "isHook": false,
              "skipped": false
            }
          ],
          "suites": [],
          "passes": [
            "a3764da4-1e50-48ed-b677-0663709434e2",
            "6515a8a1-83e9-4605-b933-f2bbf6a7dd86",
            "2a2dc947-9050-44e2-b1e7-d411e09831af",
            "66a8f85d-a762-4fe0-8bab-f8374cd1e2a8",
            "97bbe424-9251-423c-98ab-fa3a1e16ae56",
            "6598600f-a0ae-4588-9b2b-e880fc6fe7c9"
          ],
          "failures": [],
          "pending": [],
          "skipped": [],
          "duration": 3670,
          "root": false,
          "rootEmpty": false,
          "_timeout": 2000
        },
        {
          "uuid": "7cad3d47-5250-4fd5-8b04-16aa8cce15c6",
          "title": "Menu button",
          "fullFile": "",
          "file": "",
          "beforeHooks": [],
          "afterHooks": [],
          "tests": [
            {
              "title": "All item",
              "fullTitle": "Menu button All item",
              "timedOut": null,
              "duration": 91,
              "state": "passed",
              "speed": "fast",
              "pass": true,
              "fail": false,
              "pending": false,
              "context": null,
              "code": "cy\n    .scrollTo(\"top\")\n    .get(\"button[id='react-burger-menu-btn']\")\n    .click();\n// .wait(3000)",
              "err": {},
              "uuid": "46af9dab-62b6-4bab-ac60-abdb6cbacd7a",
              "parentUUID": "7cad3d47-5250-4fd5-8b04-16aa8cce15c6",
              "isHook": false,
              "skipped": false
            },
            {
              "title": "about",
              "fullTitle": "Menu button about",
              "timedOut": null,
              "duration": 3763,
              "state": "passed",
              "speed": "fast",
              "pass": true,
              "fail": false,
              "pending": false,
              "context": null,
              "code": "cy\n    .get(\"a[id='about_sidebar_link']\")\n    .click()\n    .visit(\"https://www.saucedemo.com/\");",
              "err": {},
              "uuid": "7d29968e-8de5-4daf-bc34-daddcfbb3e87",
              "parentUUID": "7cad3d47-5250-4fd5-8b04-16aa8cce15c6",
              "isHook": false,
              "skipped": false
            }
          ],
          "suites": [],
          "passes": [
            "46af9dab-62b6-4bab-ac60-abdb6cbacd7a",
            "7d29968e-8de5-4daf-bc34-daddcfbb3e87"
          ],
          "failures": [],
          "pending": [],
          "skipped": [],
          "duration": 3854,
          "root": false,
          "rootEmpty": false,
          "_timeout": 2000
        },
        {
          "uuid": "93e8564a-9d82-4ae8-b4b1-5172095ea275",
          "title": "Back to home page",
          "fullFile": "",
          "file": "",
          "beforeHooks": [],
          "afterHooks": [],
          "tests": [
            {
              "title": "Sigin",
              "fullTitle": "Back to home page Sigin",
              "timedOut": null,
              "duration": 3762,
              "state": "passed",
              "speed": "fast",
              "pass": true,
              "fail": false,
              "pending": false,
              "context": null,
              "code": "cy\n    .get(\"input[id='user-name']\")\n    .type(username)\n    .get(\"input[id='password']\")\n    .type(password)\n    .get(\"input[id='login-button']\")\n    .click()\n    .wait(3000);",
              "err": {},
              "uuid": "6ac9e746-233f-4c64-b9c4-9951ce7afa6f",
              "parentUUID": "93e8564a-9d82-4ae8-b4b1-5172095ea275",
              "isHook": false,
              "skipped": false
            },
            {
              "title": "Signout",
              "fullTitle": "Back to home page Signout",
              "timedOut": null,
              "duration": 209,
              "state": "passed",
              "speed": "fast",
              "pass": true,
              "fail": false,
              "pending": false,
              "context": null,
              "code": "cy\n    .scrollTo(\"top\")\n    .get(\"button[id='react-burger-menu-btn']\")\n    .click()\n    //   .wait(3000)\n    .get(\"a[id='reset_sidebar_link']\")\n    .get(\"a[id='logout_sidebar_link']\")\n    .click();",
              "err": {},
              "uuid": "7af8f688-23ea-4183-8528-30700f4ee9b3",
              "parentUUID": "93e8564a-9d82-4ae8-b4b1-5172095ea275",
              "isHook": false,
              "skipped": false
            },
            {
              "title": "Start",
              "fullTitle": "Back to home page Start",
              "timedOut": null,
              "duration": 704,
              "state": "passed",
              "speed": "fast",
              "pass": true,
              "fail": false,
              "pending": false,
              "context": null,
              "code": "cy\n    .get(\"input[id='user-name']\")\n    .type(username)\n    .get(\"input[id='password']\")\n    .type(password)\n    .get(\"input[id='login-button']\")\n    .click();\n//     .wait(3000)",
              "err": {},
              "uuid": "d8841878-6f43-4be3-8618-819d64bb8b02",
              "parentUUID": "93e8564a-9d82-4ae8-b4b1-5172095ea275",
              "isHook": false,
              "skipped": false
            }
          ],
          "suites": [],
          "passes": [
            "6ac9e746-233f-4c64-b9c4-9951ce7afa6f",
            "7af8f688-23ea-4183-8528-30700f4ee9b3",
            "d8841878-6f43-4be3-8618-819d64bb8b02"
          ],
          "failures": [],
          "pending": [],
          "skipped": [],
          "duration": 4675,
          "root": false,
          "rootEmpty": false,
          "_timeout": 2000
        },
        {
          "uuid": "27f1d26c-9c9b-43eb-9e6f-0edcef24664a",
          "title": "Social Link",
          "fullFile": "",
          "file": "",
          "beforeHooks": [],
          "afterHooks": [],
          "tests": [
            {
              "title": "Twitter",
              "fullTitle": "Social Link Twitter",
              "timedOut": null,
              "duration": 111,
              "state": "passed",
              "speed": "fast",
              "pass": true,
              "fail": false,
              "pending": false,
              "context": null,
              "code": "cy\n    .scrollTo('bottom')\n    .get(\"footer[class='footer']\")\n    .get(\"ul[class='social']\")\n    .contains(\"Twitter\")\n    .get(\"li[class='social_twitter']\")\n    .click();\n//    .wait(3000)",
              "err": {},
              "uuid": "9685d1ee-4966-404d-be0b-aabc88d53dee",
              "parentUUID": "27f1d26c-9c9b-43eb-9e6f-0edcef24664a",
              "isHook": false,
              "skipped": false
            },
            {
              "title": "",
              "fullTitle": "Social Link ",
              "timedOut": null,
              "duration": 159,
              "state": "passed",
              "speed": "fast",
              "pass": true,
              "fail": false,
              "pending": false,
              "context": null,
              "code": "cy\n    .get(\"footer[class='footer']\")\n    .get(\"ul[class='social']\")\n    .contains(\"Facebook\")\n    .get(\"li[class='social_facebook']\")\n    .click();\n//   .wait(3000)",
              "err": {},
              "uuid": "5f2ea2b2-d4cd-4172-b854-958c8800fbc2",
              "parentUUID": "27f1d26c-9c9b-43eb-9e6f-0edcef24664a",
              "isHook": false,
              "skipped": false
            },
            {
              "title": "",
              "fullTitle": "Social Link ",
              "timedOut": null,
              "duration": 112,
              "state": "passed",
              "speed": "fast",
              "pass": true,
              "fail": false,
              "pending": false,
              "context": null,
              "code": "cy\n    .get(\"footer[class='footer']\")\n    .get(\"ul[class='social']\")\n    .contains(\"LinkedIn\")\n    .get(\"li[class='social_linkedin']\")\n    .click();\n//    .wait(3000)",
              "err": {},
              "uuid": "a7b94dc9-4de4-409e-9dda-c80a993cdfe6",
              "parentUUID": "27f1d26c-9c9b-43eb-9e6f-0edcef24664a",
              "isHook": false,
              "skipped": false
            }
          ],
          "suites": [],
          "passes": [
            "9685d1ee-4966-404d-be0b-aabc88d53dee",
            "5f2ea2b2-d4cd-4172-b854-958c8800fbc2",
            "a7b94dc9-4de4-409e-9dda-c80a993cdfe6"
          ],
          "failures": [],
          "pending": [],
          "skipped": [],
          "duration": 382,
          "root": false,
          "rootEmpty": false,
          "_timeout": 2000
        }
      ],
      "passes": [],
      "failures": [],
      "pending": [],
      "skipped": [],
      "duration": 0,
      "root": true,
      "rootEmpty": true,
      "_timeout": 2000
    }
  ],
  "meta": {
    "mocha": {
      "version": "7.0.1"
    },
    "mochawesome": {
      "options": {
        "quiet": false,
        "reportFilename": "mochawesome",
        "saveHtml": false,
        "saveJson": true,
        "consoleReporter": "spec",
        "useInlineDiffs": false,
        "code": true
      },
      "version": "7.1.3"
    },
    "marge": {
      "options": {
        "charts": true,
        "reportPageTitle": "sauceReport",
        "embeddedScreenshots": true,
        "inlineAssets": true,
        "saveAllAttempts": false,
        "overwrite": false,
        "html": false,
        "json": true,
        "reportDir": "cypress/reports/html/.jsons"
      },
      "version": "6.2.0"
    }
  }
}