{
  "stats": {
    "suites": 2,
    "tests": 9,
    "passes": 8,
    "pending": 0,
    "failures": 1,
    "start": "2022-07-30T23:02:06.460Z",
    "end": "2022-07-30T23:02:27.796Z",
    "duration": 21336,
    "testsRegistered": 9,
    "passPercent": 88.88888888888889,
    "pendingPercent": 0,
    "other": 0,
    "hasOther": false,
    "skipped": 0,
    "hasSkipped": false
  },
  "results": [
    {
      "uuid": "d26eaee7-61ba-4acb-9e7f-184f7597eb13",
      "title": "",
      "fullFile": "cypress/e2e/first test2.cy.ts",
      "file": "cypress/e2e/first test2.cy.ts",
      "beforeHooks": [],
      "afterHooks": [],
      "tests": [],
      "suites": [
        {
          "uuid": "fdfae3ad-2701-4977-b785-7779f350dd9a",
          "title": "🚀 Visit Page and Login",
          "fullFile": "",
          "file": "",
          "beforeHooks": [],
          "afterHooks": [],
          "tests": [
            {
              "title": "Visit Page",
              "fullTitle": "🚀 Visit Page and Login Visit Page",
              "timedOut": null,
              "duration": 298,
              "state": "passed",
              "speed": "fast",
              "pass": true,
              "fail": false,
              "pending": false,
              "context": null,
              "code": "cy.visit(\"https://www.saucedemo.com/\");",
              "err": {},
              "uuid": "723b7003-a4eb-4a77-8862-362fc68be825",
              "parentUUID": "fdfae3ad-2701-4977-b785-7779f350dd9a",
              "isHook": false,
              "skipped": false
            },
            {
              "title": "Login [L_001 - Automated]",
              "fullTitle": "🚀 Visit Page and Login Login [L_001 - Automated]",
              "timedOut": null,
              "duration": 758,
              "state": "passed",
              "speed": "fast",
              "pass": true,
              "fail": false,
              "pending": false,
              "context": null,
              "code": "cy\n    .get(\"input[id='user-name']\")\n    .type(username)\n    .get(\"input[id='password']\")\n    .type(password)\n    .get(\"input[id='login-button']\")\n    .click();",
              "err": {},
              "uuid": "595a509c-1b76-4546-9b71-2906c874bef3",
              "parentUUID": "fdfae3ad-2701-4977-b785-7779f350dd9a",
              "isHook": false,
              "skipped": false
            }
          ],
          "suites": [],
          "passes": [
            "723b7003-a4eb-4a77-8862-362fc68be825",
            "595a509c-1b76-4546-9b71-2906c874bef3"
          ],
          "failures": [],
          "pending": [],
          "skipped": [],
          "duration": 1056,
          "root": false,
          "rootEmpty": false,
          "_timeout": 2000
        },
        {
          "uuid": "6077ccbb-2981-4d29-88a4-b9b78898d420",
          "title": "Products ",
          "fullFile": "",
          "file": "",
          "beforeHooks": [],
          "afterHooks": [],
          "tests": [
            {
              "title": "Landing Page",
              "fullTitle": "Products  Landing Page",
              "timedOut": null,
              "duration": 3170,
              "state": "passed",
              "speed": "fast",
              "pass": true,
              "fail": false,
              "pending": false,
              "context": null,
              "code": "cy\n    .get(\"div[id='inventory_container']\")\n    .contains(\"Sauce Labs Backpack\")\n    .get(\"button[id='add-to-cart-sauce-labs-backpack']\")\n    .click()\n    .wait(3000);",
              "err": {},
              "uuid": "70d84a2a-3d33-44a3-a4c6-cbf787428420",
              "parentUUID": "6077ccbb-2981-4d29-88a4-b9b78898d420",
              "isHook": false,
              "skipped": false
            },
            {
              "title": "Go To Item",
              "fullTitle": "Products  Go To Item",
              "timedOut": null,
              "duration": 3104,
              "state": "passed",
              "speed": "fast",
              "pass": true,
              "fail": false,
              "pending": false,
              "context": null,
              "code": "cy.scrollTo('top')\n    .get(\"div[id='inventory_container']\")\n    .contains(\"Sauce Labs Bike Light\")\n    .get(\"button[id='add-to-cart-sauce-labs-bike-light']\")\n    .click()\n    .wait(3000);",
              "err": {},
              "uuid": "5bc5fa3b-014a-468d-9920-e6011debe29e",
              "parentUUID": "6077ccbb-2981-4d29-88a4-b9b78898d420",
              "isHook": false,
              "skipped": false
            },
            {
              "title": "continue shopping",
              "fullTitle": "Products  continue shopping",
              "timedOut": null,
              "duration": 3105,
              "state": "passed",
              "speed": "fast",
              "pass": true,
              "fail": false,
              "pending": false,
              "context": null,
              "code": "cy.scrollTo('top')\n    .get(\"div[id='inventory_container']\")\n    .contains(\"Sauce Labs Bolt T-Shirt\")\n    .get(\"button[id='add-to-cart-sauce-labs-bolt-t-shirt']\")\n    .click()\n    .wait(3000);",
              "err": {},
              "uuid": "1fb70e2d-08c2-44a2-b7e3-4b31d73654e2",
              "parentUUID": "6077ccbb-2981-4d29-88a4-b9b78898d420",
              "isHook": false,
              "skipped": false
            },
            {
              "title": "Other item to buy",
              "fullTitle": "Products  Other item to buy",
              "timedOut": null,
              "duration": 3108,
              "state": "passed",
              "speed": "fast",
              "pass": true,
              "fail": false,
              "pending": false,
              "context": null,
              "code": "cy\n    .get(\"div[id='inventory_container']\")\n    .contains(\"Sauce Labs Fleece Jacket\")\n    .get(\"button[id='add-to-cart-sauce-labs-fleece-jacket']\")\n    .click()\n    .wait(3000);",
              "err": {},
              "uuid": "79d27282-847f-405a-a24a-8f9745e7c569",
              "parentUUID": "6077ccbb-2981-4d29-88a4-b9b78898d420",
              "isHook": false,
              "skipped": false
            },
            {
              "title": "Junior stuff",
              "fullTitle": "Products  Junior stuff",
              "timedOut": null,
              "duration": 3098,
              "state": "passed",
              "speed": "fast",
              "pass": true,
              "fail": false,
              "pending": false,
              "context": null,
              "code": "cy\n    .get(\"div[id='inventory_container']\")\n    .contains(\"Sauce Labs Onesie\")\n    .get(\"button[id='add-to-cart-sauce-labs-onesie']\")\n    .click()\n    .wait(3000);",
              "err": {},
              "uuid": "c6854428-39cf-4c91-b2c2-ec8ed5f29661",
              "parentUUID": "6077ccbb-2981-4d29-88a4-b9b78898d420",
              "isHook": false,
              "skipped": false
            },
            {
              "title": "Final iten to buy",
              "fullTitle": "Products  Final iten to buy",
              "timedOut": null,
              "duration": 3123,
              "state": "passed",
              "speed": "fast",
              "pass": true,
              "fail": false,
              "pending": false,
              "context": null,
              "code": "cy\n    .get(\"div[id='inventory_container'\")\n    .contains(\"T-Shirt\")\n    .get(\"button[id='add-to-cart-test.allthethings()-t-shirt-(red)']\")\n    .click()\n    .wait(3000);",
              "err": {},
              "uuid": "73d09a57-1320-497c-a637-d17d88a9de21",
              "parentUUID": "6077ccbb-2981-4d29-88a4-b9b78898d420",
              "isHook": false,
              "skipped": false
            },
            {
              "title": "Shopping cart ",
              "fullTitle": "Products  Shopping cart ",
              "timedOut": null,
              "duration": 132,
              "state": "failed",
              "speed": null,
              "pass": false,
              "fail": true,
              "pending": false,
              "context": "{\n  \"title\": \"cypress-mochawesome-reporter-screenshots\",\n  \"value\": [\n    [\n      {\n        \"title\": \"Failed screenshot\",\n        \"value\": \"/first test2.cy.ts/Shopping cart -- after all hook (failed).png\"\n      }\n    ]\n  ]\n}",
              "code": "cy\n    //.get(\"shopping_cart_container\")\n    .get(\"a[class='shopping_cart_link\")\n    .scrollIntoView()\n    .click();",
              "err": {
                "message": "TypeError: cy.login is not a function\n\nBecause this error occurred during a `after all` hook we are skipping all of the remaining tests.",
                "estack": "TypeError: cy.login is not a function\n\nBecause this error occurred during a `after all` hook we are skipping all of the remaining tests.\n    at Context.eval (https://www.saucedemo.com/__cypress/tests?p=cypress/e2e/first%20test2.cy.ts:108:8)",
                "diff": null
              },
              "uuid": "2476b020-19d0-411f-8210-248dace0d8f0",
              "parentUUID": "6077ccbb-2981-4d29-88a4-b9b78898d420",
              "isHook": false,
              "skipped": false
            }
          ],
          "suites": [],
          "passes": [
            "70d84a2a-3d33-44a3-a4c6-cbf787428420",
            "5bc5fa3b-014a-468d-9920-e6011debe29e",
            "1fb70e2d-08c2-44a2-b7e3-4b31d73654e2",
            "79d27282-847f-405a-a24a-8f9745e7c569",
            "c6854428-39cf-4c91-b2c2-ec8ed5f29661",
            "73d09a57-1320-497c-a637-d17d88a9de21"
          ],
          "failures": [
            "2476b020-19d0-411f-8210-248dace0d8f0"
          ],
          "pending": [],
          "skipped": [],
          "duration": 18840,
          "root": false,
          "rootEmpty": false,
          "_timeout": 2000
        }
      ],
      "passes": [],
      "failures": [],
      "pending": [],
      "skipped": [],
      "duration": 0,
      "root": true,
      "rootEmpty": true,
      "_timeout": 2000
    }
  ],
  "meta": {
    "mocha": {
      "version": "7.0.1"
    },
    "mochawesome": {
      "options": {
        "quiet": false,
        "reportFilename": "mochawesome",
        "saveHtml": false,
        "saveJson": true,
        "consoleReporter": "spec",
        "useInlineDiffs": false,
        "code": true
      },
      "version": "7.1.3"
    },
    "marge": {
      "options": {
        "charts": true,
        "reportPageTitle": "sauceReport",
        "embeddedScreenshots": true,
        "inlineAssets": true,
        "saveAllAttempts": false,
        "overwrite": false,
        "html": false,
        "json": true,
        "reportDir": "cypress/reports/html/.jsons"
      },
      "version": "6.2.0"
    }
  }
}