{
  "stats": {
    "suites": 1,
    "tests": 4,
    "passes": 4,
    "pending": 0,
    "failures": 0,
    "start": "2022-07-30T00:21:32.573Z",
    "end": "2022-07-30T00:21:35.624Z",
    "duration": 3051,
    "testsRegistered": 4,
    "passPercent": 100,
    "pendingPercent": 0,
    "other": 0,
    "hasOther": false,
    "skipped": 0,
    "hasSkipped": false
  },
  "results": [
    {
      "uuid": "b2f6a13c-70bd-49d1-94af-7deaa5edd916",
      "title": "",
      "fullFile": "cypress/e2e/first test2.cy.js",
      "file": "cypress/e2e/first test2.cy.js",
      "beforeHooks": [],
      "afterHooks": [],
      "tests": [],
      "suites": [
        {
          "uuid": "4f4a27e8-e119-4698-b49b-e058a03f135c",
          "title": "🚀 Visit Page and Login",
          "fullFile": "",
          "file": "",
          "beforeHooks": [],
          "afterHooks": [],
          "tests": [
            {
              "title": "visit page",
              "fullTitle": "🚀 Visit Page and Login visit page",
              "timedOut": null,
              "duration": 410,
              "state": "passed",
              "speed": "fast",
              "pass": true,
              "fail": false,
              "pending": false,
              "context": null,
              "code": "cy.visit(\"https://www.saucedemo.com/\");",
              "err": {},
              "uuid": "1959e37e-663c-4198-9a98-5b9ae2fad626",
              "parentUUID": "4f4a27e8-e119-4698-b49b-e058a03f135c",
              "isHook": false,
              "skipped": false
            },
            {
              "title": "Login",
              "fullTitle": "🚀 Visit Page and Login Login",
              "timedOut": null,
              "duration": 782,
              "state": "passed",
              "speed": "fast",
              "pass": true,
              "fail": false,
              "pending": false,
              "context": null,
              "code": "cy.get(\"input[id='user-name']\").type(username).get(\"input[id='password']\").type(password).get(\"input[id='login-button']\").click();",
              "err": {},
              "uuid": "594fbb06-e489-4770-8524-f37de57427ff",
              "parentUUID": "4f4a27e8-e119-4698-b49b-e058a03f135c",
              "isHook": false,
              "skipped": false
            },
            {
              "title": "Landing Page",
              "fullTitle": "🚀 Visit Page and Login Landing Page",
              "timedOut": null,
              "duration": 200,
              "state": "passed",
              "speed": "fast",
              "pass": true,
              "fail": false,
              "pending": false,
              "context": null,
              "code": "cy.get(\"div[id='inventory_container']\").contains(\"Sauce Labs Backpack\");",
              "err": {},
              "uuid": "852face5-405d-43fb-a39e-95da87bb5626",
              "parentUUID": "4f4a27e8-e119-4698-b49b-e058a03f135c",
              "isHook": false,
              "skipped": false
            },
            {
              "title": "Go To Item",
              "fullTitle": "🚀 Visit Page and Login Go To Item",
              "timedOut": null,
              "duration": 265,
              "state": "passed",
              "speed": "fast",
              "pass": true,
              "fail": false,
              "pending": false,
              "context": null,
              "code": "cy.contains(\"Sauce Labs Bike Light\").click();",
              "err": {},
              "uuid": "d4fc247b-52d8-45ee-bbbb-cdac39477ae6",
              "parentUUID": "4f4a27e8-e119-4698-b49b-e058a03f135c",
              "isHook": false,
              "skipped": false
            }
          ],
          "suites": [],
          "passes": [
            "1959e37e-663c-4198-9a98-5b9ae2fad626",
            "594fbb06-e489-4770-8524-f37de57427ff",
            "852face5-405d-43fb-a39e-95da87bb5626",
            "d4fc247b-52d8-45ee-bbbb-cdac39477ae6"
          ],
          "failures": [],
          "pending": [],
          "skipped": [],
          "duration": 1657,
          "root": false,
          "rootEmpty": false,
          "_timeout": 2000
        }
      ],
      "passes": [],
      "failures": [],
      "pending": [],
      "skipped": [],
      "duration": 0,
      "root": true,
      "rootEmpty": true,
      "_timeout": 2000
    }
  ],
  "meta": {
    "mocha": {
      "version": "7.0.1"
    },
    "mochawesome": {
      "options": {
        "quiet": false,
        "reportFilename": "mochawesome",
        "saveHtml": false,
        "saveJson": true,
        "consoleReporter": "spec",
        "useInlineDiffs": false,
        "code": true
      },
      "version": "7.1.3"
    },
    "marge": {
      "options": {
        "overwrite": false,
        "html": false,
        "json": true,
        "reportDir": "cypress/reports/html/.jsons"
      },
      "version": "6.2.0"
    }
  }
}