{
  "stats": {
    "suites": 1,
    "tests": 4,
    "passes": 4,
    "pending": 0,
    "failures": 0,
    "start": "2022-07-30T00:21:38.893Z",
    "end": "2022-07-30T00:21:41.321Z",
    "duration": 2428,
    "testsRegistered": 4,
    "passPercent": 100,
    "pendingPercent": 0,
    "other": 0,
    "hasOther": false,
    "skipped": 0,
    "hasSkipped": false
  },
  "results": [
    {
      "uuid": "86e17222-24d9-40dc-8d7d-e412d6526d27",
      "title": "",
      "fullFile": "cypress/e2e/first test2.cy.ts",
      "file": "cypress/e2e/first test2.cy.ts",
      "beforeHooks": [],
      "afterHooks": [],
      "tests": [],
      "suites": [
        {
          "uuid": "24253edf-1f2d-4651-90c7-e0979543416a",
          "title": "🚀 Visit Page and Login",
          "fullFile": "",
          "file": "",
          "beforeHooks": [],
          "afterHooks": [],
          "tests": [
            {
              "title": "visit page",
              "fullTitle": "🚀 Visit Page and Login visit page",
              "timedOut": null,
              "duration": 144,
              "state": "passed",
              "speed": "fast",
              "pass": true,
              "fail": false,
              "pending": false,
              "context": null,
              "code": "cy.visit(\"https://www.saucedemo.com/\");",
              "err": {},
              "uuid": "c80499bc-8cff-43d9-9001-33f1c53ec4b0",
              "parentUUID": "24253edf-1f2d-4651-90c7-e0979543416a",
              "isHook": false,
              "skipped": false
            },
            {
              "title": "Login",
              "fullTitle": "🚀 Visit Page and Login Login",
              "timedOut": null,
              "duration": 805,
              "state": "passed",
              "speed": "fast",
              "pass": true,
              "fail": false,
              "pending": false,
              "context": null,
              "code": "cy\n    .get(\"input[id='user-name']\")\n    .type(username)\n    .get(\"input[id='password']\")\n    .type(password)\n    .get(\"input[id='login-button']\")\n    .click();",
              "err": {},
              "uuid": "073ea356-4723-445a-99c2-344be81e3858",
              "parentUUID": "24253edf-1f2d-4651-90c7-e0979543416a",
              "isHook": false,
              "skipped": false
            },
            {
              "title": "Landing Page",
              "fullTitle": "🚀 Visit Page and Login Landing Page",
              "timedOut": null,
              "duration": 65,
              "state": "passed",
              "speed": "fast",
              "pass": true,
              "fail": false,
              "pending": false,
              "context": null,
              "code": "cy\n    .get(\"div[id='inventory_container']\")\n    .contains(\"Sauce Labs Backpack\");",
              "err": {},
              "uuid": "ecaff8fd-6afd-4db3-ac54-63d397a8f442",
              "parentUUID": "24253edf-1f2d-4651-90c7-e0979543416a",
              "isHook": false,
              "skipped": false
            },
            {
              "title": "Go To Item",
              "fullTitle": "🚀 Visit Page and Login Go To Item",
              "timedOut": null,
              "duration": 128,
              "state": "passed",
              "speed": "fast",
              "pass": true,
              "fail": false,
              "pending": false,
              "context": null,
              "code": "cy\n    .contains(\"Sauce Labs Bike Light\")\n    .click();",
              "err": {},
              "uuid": "7b404ad2-c5fe-4735-b915-19789f0bb252",
              "parentUUID": "24253edf-1f2d-4651-90c7-e0979543416a",
              "isHook": false,
              "skipped": false
            }
          ],
          "suites": [],
          "passes": [
            "c80499bc-8cff-43d9-9001-33f1c53ec4b0",
            "073ea356-4723-445a-99c2-344be81e3858",
            "ecaff8fd-6afd-4db3-ac54-63d397a8f442",
            "7b404ad2-c5fe-4735-b915-19789f0bb252"
          ],
          "failures": [],
          "pending": [],
          "skipped": [],
          "duration": 1142,
          "root": false,
          "rootEmpty": false,
          "_timeout": 2000
        }
      ],
      "passes": [],
      "failures": [],
      "pending": [],
      "skipped": [],
      "duration": 0,
      "root": true,
      "rootEmpty": true,
      "_timeout": 2000
    }
  ],
  "meta": {
    "mocha": {
      "version": "7.0.1"
    },
    "mochawesome": {
      "options": {
        "quiet": false,
        "reportFilename": "mochawesome",
        "saveHtml": false,
        "saveJson": true,
        "consoleReporter": "spec",
        "useInlineDiffs": false,
        "code": true
      },
      "version": "7.1.3"
    },
    "marge": {
      "options": {
        "overwrite": false,
        "html": false,
        "json": true,
        "reportDir": "cypress/reports/html/.jsons"
      },
      "version": "6.2.0"
    }
  }
}