{
  "stats": {
    "suites": 1,
    "tests": 5,
    "passes": 5,
    "pending": 0,
    "failures": 0,
    "start": "2022-07-30T11:04:06.455Z",
    "end": "2022-07-30T11:04:12.772Z",
    "duration": 6317,
    "testsRegistered": 5,
    "passPercent": 100,
    "pendingPercent": 0,
    "other": 0,
    "hasOther": false,
    "skipped": 0,
    "hasSkipped": false
  },
  "results": [
    {
      "uuid": "2875fc4d-35aa-4a1c-8321-9a2b1dbfe6e8",
      "title": "",
      "fullFile": "cypress/e2e/first test2.cy.ts",
      "file": "cypress/e2e/first test2.cy.ts",
      "beforeHooks": [],
      "afterHooks": [],
      "tests": [],
      "suites": [
        {
          "uuid": "e855d7da-b070-47b3-8381-db4fd82d398c",
          "title": "🚀 Visit Page and Login",
          "fullFile": "",
          "file": "",
          "beforeHooks": [],
          "afterHooks": [],
          "tests": [
            {
              "title": "visit page",
              "fullTitle": "🚀 Visit Page and Login visit page",
              "timedOut": null,
              "duration": 375,
              "state": "passed",
              "speed": "fast",
              "pass": true,
              "fail": false,
              "pending": false,
              "context": null,
              "code": "cy.visit(\"https://www.saucedemo.com/\");",
              "err": {},
              "uuid": "89179e0a-9e17-4cb6-b558-f69802281b1f",
              "parentUUID": "e855d7da-b070-47b3-8381-db4fd82d398c",
              "isHook": false,
              "skipped": false
            },
            {
              "title": "Login",
              "fullTitle": "🚀 Visit Page and Login Login",
              "timedOut": null,
              "duration": 819,
              "state": "passed",
              "speed": "fast",
              "pass": true,
              "fail": false,
              "pending": false,
              "context": null,
              "code": "cy\n    .get(\"input[id='user-name']\")\n    .type(username)\n    .get(\"input[id='password']\")\n    .type(password)\n    .get(\"input[id='login-button']\")\n    .click();",
              "err": {},
              "uuid": "5fa279ad-822a-4c83-8274-180b4c28bbc9",
              "parentUUID": "e855d7da-b070-47b3-8381-db4fd82d398c",
              "isHook": false,
              "skipped": false
            },
            {
              "title": "Landing Page",
              "fullTitle": "🚀 Visit Page and Login Landing Page",
              "timedOut": null,
              "duration": 3367,
              "state": "passed",
              "speed": "fast",
              "pass": true,
              "fail": false,
              "pending": false,
              "context": null,
              "code": "cy\n    .get(\"div[id='inventory_container']\")\n    .contains(\"Sauce Labs Backpack\")\n    .get(\"button[id='add-to-cart-sauce-labs-backpack']\")\n    .click()\n    .wait(3000);",
              "err": {},
              "uuid": "49f7e383-bb86-4680-93b5-30d64d97f7dc",
              "parentUUID": "e855d7da-b070-47b3-8381-db4fd82d398c",
              "isHook": false,
              "skipped": false
            },
            {
              "title": "Go To Item",
              "fullTitle": "🚀 Visit Page and Login Go To Item",
              "timedOut": null,
              "duration": 40,
              "state": "passed",
              "speed": "fast",
              "pass": true,
              "fail": false,
              "pending": false,
              "context": null,
              "code": "cy.scrollTo('top')\n    .get(\"div[id='inventory_container']\")\n    .contains(\"Sauce Labs Bike Light\")\n    .get(\"button[id='add-to-cart-sauce-labs-bike-light']\");",
              "err": {},
              "uuid": "39a44194-4ce0-466a-b854-1ba58e555a41",
              "parentUUID": "e855d7da-b070-47b3-8381-db4fd82d398c",
              "isHook": false,
              "skipped": false
            },
            {
              "title": "Select Another Item",
              "fullTitle": "🚀 Visit Page and Login Select Another Item",
              "timedOut": null,
              "duration": 128,
              "state": "passed",
              "speed": "fast",
              "pass": true,
              "fail": false,
              "pending": false,
              "context": null,
              "code": "cy\n    .get(\"button[name='add-to-cart-sauce-labs-bolt-t-shirt']\")\n    .click();",
              "err": {},
              "uuid": "7a823648-7132-4b62-8d5d-2c1ca364e750",
              "parentUUID": "e855d7da-b070-47b3-8381-db4fd82d398c",
              "isHook": false,
              "skipped": false
            }
          ],
          "suites": [],
          "passes": [
            "89179e0a-9e17-4cb6-b558-f69802281b1f",
            "5fa279ad-822a-4c83-8274-180b4c28bbc9",
            "49f7e383-bb86-4680-93b5-30d64d97f7dc",
            "39a44194-4ce0-466a-b854-1ba58e555a41",
            "7a823648-7132-4b62-8d5d-2c1ca364e750"
          ],
          "failures": [],
          "pending": [],
          "skipped": [],
          "duration": 4729,
          "root": false,
          "rootEmpty": false,
          "_timeout": 2000
        }
      ],
      "passes": [],
      "failures": [],
      "pending": [],
      "skipped": [],
      "duration": 0,
      "root": true,
      "rootEmpty": true,
      "_timeout": 2000
    }
  ],
  "meta": {
    "mocha": {
      "version": "7.0.1"
    },
    "mochawesome": {
      "options": {
        "quiet": false,
        "reportFilename": "mochawesome",
        "saveHtml": false,
        "saveJson": true,
        "consoleReporter": "spec",
        "useInlineDiffs": false,
        "code": true
      },
      "version": "7.1.3"
    },
    "marge": {
      "options": {
        "overwrite": false,
        "html": false,
        "json": true,
        "reportDir": "cypress/reports/html/.jsons"
      },
      "version": "6.2.0"
    }
  }
}